生成启动时间为 2015/7/1 23:09:21。
项目“C:\cpp\cppreview20150701\cppreview20150701.vcxproj”在节点 2 上(build 个目标)。
InitializeBuildStatus:
  正在创建“Debug\cppreview20150701.unsuccessfulbuild”，因为已指定“AlwaysCreate”。
ClCompile:
  c:\Program Files (x86)\Microsoft Visual Studio 10.0\VC\bin\CL.exe /c /ZI /nologo /W3 /WX- /Od /Oy- /D _MBCS /Gm /EHsc /RTC1 /MDd /GS /fp:precise /Zc:wchar_t /Zc:forScope /Fo"Debug\\" /Fd"Debug\vc100.pdb" /Gd /TC /analyze- /errorReport:prompt "04去掉空格.c"
  04去掉空格.c
c:\cpp\cppreview20150701\04去掉空格.c(12): warning C4013: “isspace”未定义；假设外部返回 int
c:\cpp\cppreview20150701\04去掉空格.c(22): warning C4996: 'strncpy': This function or variable may be unsafe. Consider using strncpy_s instead. To disable deprecation, use _CRT_SECURE_NO_WARNINGS. See online help for details.
          c:\program files (x86)\microsoft visual studio 10.0\vc\include\string.h(188) : 参见“strncpy”的声明
Link:
  c:\Program Files (x86)\Microsoft Visual Studio 10.0\VC\bin\link.exe /ERRORREPORT:PROMPT /OUT:"C:\cpp\cppreview20150701\Debug\cppreview20150701.exe" /NOLOGO kernel32.lib user32.lib gdi32.lib winspool.lib comdlg32.lib advapi32.lib shell32.lib ole32.lib oleaut32.lib uuid.lib odbc32.lib odbccp32.lib /MANIFEST /ManifestFile:"Debug\cppreview20150701.exe.intermediate.manifest" /MANIFESTUAC:"level='asInvoker' uiAccess='false'" /DEBUG /PDB:"C:\cpp\cppreview20150701\Debug\cppreview20150701.pdb" /TLBID:1 /DYNAMICBASE /NXCOMPAT /IMPLIB:"C:\cpp\cppreview20150701\Debug\cppreview20150701.lib" /MACHINE:X86 "Debug\01复制字符串.obj"
  "Debug\02字符串反转模型.obj"
  "Debug\03查找字符串模型.obj"
  "Debug\04去掉空格.obj"
  "Debug\05作业.obj"
  LINK : 没有找到 C:\cpp\cppreview20150701\Debug\cppreview20150701.exe 或上一个增量链接没有生成它；正在执行完全链接
  cppreview20150701.vcxproj -> C:\cpp\cppreview20150701\Debug\cppreview20150701.exe
Manifest:
  c:\Program Files (x86)\Microsoft SDKs\Windows\v7.0A\bin\mt.exe /nologo /verbose /outputresource:"C:\cpp\cppreview20150701\Debug\cppreview20150701.exe;#1" /manifest Debug\cppreview20150701.exe.intermediate.manifest
FinalizeBuildStatus:
  正在删除文件“Debug\cppreview20150701.unsuccessfulbuild”。
  正在对“Debug\cppreview20150701.lastbuildstate”执行 Touch 任务。
已完成生成项目“C:\cpp\cppreview20150701\cppreview20150701.vcxproj”(build 个目标)的操作。

生成成功。

已用时间 00:00:00.39
